<?xml version="1.0" encoding="UTF-8" ?>
<testsuite failures="1" time="0.489" errors="0" skipped="0" tests="16" name="com.mike.londonmet.entity.ProductTest">
  <properties>
    <property name="idea.version" value="13.1.1"/>
    <property name="java.runtime.name" value="Java(TM) SE Runtime Environment"/>
    <property name="sun.boot.library.path" value="/Library/Java/JavaVirtualMachines/1.6.0_41-b02-445.jdk/Contents/Libraries"/>
    <property name="java.vm.version" value="20.14-b01-445"/>
    <property name="awt.nativeDoubleBuffering" value="true"/>
    <property name="gopherProxySet" value="false"/>
    <property name="java.vm.vendor" value="Apple Inc."/>
    <property name="java.vendor.url" value="http://www.apple.com/"/>
    <property name="path.separator" value=":"/>
    <property name="guice.disable.misplaced.annotation.check" value="true"/>
    <property name="java.vm.name" value="Java HotSpot(TM) 64-Bit Server VM"/>
    <property name="file.encoding.pkg" value="sun.io"/>
    <property name="user.country" value="US"/>
    <property name="sun.java.launcher" value="SUN_STANDARD"/>
    <property name="sun.os.patch.level" value="unknown"/>
    <property name="java.vm.specification.name" value="Java Virtual Machine Specification"/>
    <property name="user.dir" value="/Users/mikeholmes/Development/University/java/MiniBay"/>
    <property name="java.runtime.version" value="1.6.0_41-b02-445"/>
    <property name="java.awt.graphicsenv" value="apple.awt.CGraphicsEnvironment"/>
    <property name="java.endorsed.dirs" value="/Library/Java/JavaVirtualMachines/1.6.0_41-b02-445.jdk/Contents/Home/lib/endorsed"/>
    <property name="os.arch" value="x86_64"/>
    <property name="java.io.tmpdir" value="/var/folders/83/9_0g7gsn793gg0ztmrdv10bc0000gn/T/"/>
    <property name="line.separator" value="
"/>
    <property name="java.vm.specification.vendor" value="Sun Microsystems Inc."/>
    <property name="os.name" value="Mac OS X"/>
    <property name="classworlds.conf" value="/usr/local/Cellar/maven/3.1.1/libexec/bin/m2.conf"/>
    <property name="sun.jnu.encoding" value="MacRoman"/>
    <property name="java.library.path" value=".:/Library/Java/Extensions:/System/Library/Java/Extensions:/usr/lib/java"/>
    <property name="java.specification.name" value="Java Platform API Specification"/>
    <property name="java.class.version" value="50.0"/>
    <property name="sun.management.compiler" value="HotSpot 64-Bit Tiered Compilers"/>
    <property name="os.version" value="10.9.2"/>
    <property name="http.nonProxyHosts" value="local|*.local|169.254/16|*.169.254/16"/>
    <property name="user.home" value="/Users/mikeholmes"/>
    <property name="user.timezone" value="Europe/London"/>
    <property name="java.awt.printerjob" value="apple.awt.CPrinterJob"/>
    <property name="java.specification.version" value="1.6"/>
    <property name="file.encoding" value="UTF-8"/>
    <property name="user.name" value="mikeholmes"/>
    <property name="java.class.path" value="/usr/local/Cellar/maven/3.1.1/libexec/boot/plexus-classworlds-2.5.1.jar:/Applications/IntelliJ IDEA 13.app/lib/idea_rt.jar"/>
    <property name="org.slf4j.simpleLogger.defaultLogLevel" value="info"/>
    <property name="java.vm.specification.version" value="1.0"/>
    <property name="sun.arch.data.model" value="64"/>
    <property name="java.home" value="/Library/Java/JavaVirtualMachines/1.6.0_41-b02-445.jdk/Contents/Home"/>
    <property name="sun.java.command" value="org.codehaus.classworlds.Launcher -Didea.version=13.1.1 --fail-fast --strict-checksums install"/>
    <property name="java.specification.vendor" value="Sun Microsystems Inc."/>
    <property name="user.language" value="en"/>
    <property name="awt.toolkit" value="apple.awt.CToolkit"/>
    <property name="java.vm.info" value="mixed mode"/>
    <property name="java.version" value="1.6.0_41"/>
    <property name="java.ext.dirs" value="/Library/Java/Extensions:/System/Library/Java/Extensions:/Library/Java/JavaVirtualMachines/1.6.0_41-b02-445.jdk/Contents/Home/lib/ext"/>
    <property name="sun.boot.class.path" value="/Library/Java/JavaVirtualMachines/1.6.0_41-b02-445.jdk/Contents/Classes/jsfd.jar:/Library/Java/JavaVirtualMachines/1.6.0_41-b02-445.jdk/Contents/Classes/classes.jar:/System/Library/Frameworks/JavaVM.framework/Frameworks/JavaRuntimeSupport.framework/Resources/Java/JavaRuntimeSupport.jar:/Library/Java/JavaVirtualMachines/1.6.0_41-b02-445.jdk/Contents/Classes/ui.jar:/Library/Java/JavaVirtualMachines/1.6.0_41-b02-445.jdk/Contents/Classes/laf.jar:/Library/Java/JavaVirtualMachines/1.6.0_41-b02-445.jdk/Contents/Classes/sunrsasign.jar:/Library/Java/JavaVirtualMachines/1.6.0_41-b02-445.jdk/Contents/Classes/jsse.jar:/Library/Java/JavaVirtualMachines/1.6.0_41-b02-445.jdk/Contents/Classes/jce.jar:/Library/Java/JavaVirtualMachines/1.6.0_41-b02-445.jdk/Contents/Classes/charsets.jar"/>
    <property name="java.vendor" value="Apple Inc."/>
    <property name="maven.home" value="/usr/local/Cellar/maven/3.1.1/libexec"/>
    <property name="file.separator" value="/"/>
    <property name="java.vendor.url.bug" value="http://bugreport.apple.com/"/>
    <property name="sun.cpu.endian" value="little"/>
    <property name="sun.io.unicode.encoding" value="UnicodeLittle"/>
    <property name="mrj.version" value="1070.1.6.0_41-445"/>
    <property name="socksNonProxyHosts" value="local|*.local|169.254/16|*.169.254/16"/>
    <property name="ftp.nonProxyHosts" value="local|*.local|169.254/16|*.169.254/16"/>
    <property name="sun.cpu.isalist" value=""/>
  </properties>
  <testcase time="0.319" classname="com.mike.londonmet.entity.ProductTest" name="constructorSetTitleOfNull_FailsValidation_ReturnsOneViolation"/>
  <testcase time="0.017" classname="com.mike.londonmet.entity.ProductTest" name="settingTitleLengthOfFiftyOne_FailsValidation_ReturnsOneViolation"/>
  <testcase time="0.014" classname="com.mike.londonmet.entity.ProductTest" name="constructorSetDescriptionTooShort_FailsValidation_ReturnsOneViolation"/>
  <testcase time="0.001" classname="com.mike.londonmet.entity.ProductTest" name="newObject_HasNullTitleByDefault"/>
  <testcase time="0.022" classname="com.mike.londonmet.entity.ProductTest" name="settingDescriptionLengthOfMoreThan4096_FailsValidation_ReturnsOneViolation"/>
  <testcase time="0.013" classname="com.mike.londonmet.entity.ProductTest" name="settingNullDescription_FailsValidation_ReturnsOneViolation"/>
  <testcase time="0.012" classname="com.mike.londonmet.entity.ProductTest" name="constructorSetDescriptionOfNull_FailsValidation_ReturnsOneViolation"/>
  <testcase time="0.011" classname="com.mike.londonmet.entity.ProductTest" name="settingTitleLengthOfOne_FailsValidation_ReturnsOneViolation"/>
  <testcase time="0.015" classname="com.mike.londonmet.entity.ProductTest" name="settingDescriptionLengthOfFour_FailsValidation_ReturnsOneViolation"/>
  <testcase time="0.001" classname="com.mike.londonmet.entity.ProductTest" name="newObject_HasNullDescriptionByDefault"/>
  <testcase time="0.001" classname="com.mike.londonmet.entity.ProductTest" name="newObjectIsNotNull"/>
  <testcase time="0.011" classname="com.mike.londonmet.entity.ProductTest" name="settingNullTitle_FailsValidation_ReturnsOneViolation"/>
  <testcase time="0.016" classname="com.mike.londonmet.entity.ProductTest" name="newObject_FailsValidation_ReturnsTwoViolations">
    <failure message="Object properties cannot be set to Null - should return 2 violations (title &amp; description) expected:&lt;5&gt; but was:&lt;2&gt;" type="java.lang.AssertionError">java.lang.AssertionError: Object properties cannot be set to Null - should return 2 violations (title &amp; description) expected:&lt;5&gt; but was:&lt;2&gt;
	at org.junit.Assert.fail(Assert.java:88)
	at org.junit.Assert.failNotEquals(Assert.java:743)
	at org.junit.Assert.assertEquals(Assert.java:118)
	at org.junit.Assert.assertEquals(Assert.java:555)
	at com.mike.londonmet.entity.ProductTest.newObject_FailsValidation_ReturnsTwoViolations(ProductTest.java:62)
	at sun.reflect.NativeMethodAccessorImpl.invoke0(Native Method)
	at sun.reflect.NativeMethodAccessorImpl.invoke(NativeMethodAccessorImpl.java:39)
	at sun.reflect.DelegatingMethodAccessorImpl.invoke(DelegatingMethodAccessorImpl.java:25)
	at java.lang.reflect.Method.invoke(Method.java:597)
	at org.junit.runners.model.FrameworkMethod$1.runReflectiveCall(FrameworkMethod.java:47)
	at org.junit.internal.runners.model.ReflectiveCallable.run(ReflectiveCallable.java:12)
	at org.junit.runners.model.FrameworkMethod.invokeExplosively(FrameworkMethod.java:44)
	at org.junit.internal.runners.statements.InvokeMethod.evaluate(InvokeMethod.java:17)
	at org.junit.internal.runners.statements.RunBefores.evaluate(RunBefores.java:26)
	at org.junit.runners.ParentRunner.runLeaf(ParentRunner.java:271)
	at org.junit.runners.BlockJUnit4ClassRunner.runChild(BlockJUnit4ClassRunner.java:70)
	at org.junit.runners.BlockJUnit4ClassRunner.runChild(BlockJUnit4ClassRunner.java:50)
	at org.junit.runners.ParentRunner$3.run(ParentRunner.java:238)
	at org.junit.runners.ParentRunner$1.schedule(ParentRunner.java:63)
	at org.junit.runners.ParentRunner.runChildren(ParentRunner.java:236)
	at org.junit.runners.ParentRunner.access$000(ParentRunner.java:53)
	at org.junit.runners.ParentRunner$2.evaluate(ParentRunner.java:229)
	at org.junit.internal.runners.statements.RunBefores.evaluate(RunBefores.java:26)
	at org.junit.runners.ParentRunner.run(ParentRunner.java:309)
	at org.apache.maven.surefire.junit4.JUnit4Provider.execute(JUnit4Provider.java:252)
	at org.apache.maven.surefire.junit4.JUnit4Provider.executeTestSet(JUnit4Provider.java:141)
	at org.apache.maven.surefire.junit4.JUnit4Provider.invoke(JUnit4Provider.java:112)
	at sun.reflect.NativeMethodAccessorImpl.invoke0(Native Method)
	at sun.reflect.NativeMethodAccessorImpl.invoke(NativeMethodAccessorImpl.java:39)
	at sun.reflect.DelegatingMethodAccessorImpl.invoke(DelegatingMethodAccessorImpl.java:25)
	at java.lang.reflect.Method.invoke(Method.java:597)
	at org.apache.maven.surefire.util.ReflectionUtils.invokeMethodWithArray(ReflectionUtils.java:189)
	at org.apache.maven.surefire.booter.ProviderFactory$ProviderProxy.invoke(ProviderFactory.java:165)
	at org.apache.maven.surefire.booter.ProviderFactory.invokeProvider(ProviderFactory.java:85)
	at org.apache.maven.surefire.booter.ForkedBooter.runSuitesInProcess(ForkedBooter.java:115)
	at org.apache.maven.surefire.booter.ForkedBooter.main(ForkedBooter.java:75)
</failure>
  </testcase>
  <testcase time="0.009" classname="com.mike.londonmet.entity.ProductTest" name="constructorSetTitleTooShort_FailsValidation_ReturnsOneViolation"/>
  <testcase time="0.015" classname="com.mike.londonmet.entity.ProductTest" name="constructorSetDescriptionTooLong_FailsValidation_ReturnsOneViolation"/>
  <testcase time="0.012" classname="com.mike.londonmet.entity.ProductTest" name="constructorSetTitleTooLong_FailsValidation_ReturnsOneViolation"/>
</testsuite>