<?xml version="1.0" encoding="UTF-8" ?>
<testsuite failures="1" time="0.489" errors="0" skipped="0" tests="16" name="com.mike.londonmet.entity.ProductTest">
  <properties>
[...]
</properties>
  <testcase time="0.319" classname="com.mike.londonmet.entity.ProductTest" name="constructorSetTitleOfNull_FailsValidation_ReturnsOneViolation"/>
  <testcase time="0.017" classname="com.mike.londonmet.entity.ProductTest" name="settingTitleLengthOfFiftyOne_FailsValidation_ReturnsOneViolation"/>
  <testcase time="0.014" classname="com.mike.londonmet.entity.ProductTest" name="constructorSetDescriptionTooShort_FailsValidation_ReturnsOneViolation"/>
  <testcase time="0.001" classname="com.mike.londonmet.entity.ProductTest" name="newObject_HasNullTitleByDefault"/>
  <testcase time="0.022" classname="com.mike.londonmet.entity.ProductTest" name="settingDescriptionLengthOfMoreThan4096_FailsValidation_ReturnsOneViolation"/>
  <testcase time="0.013" classname="com.mike.londonmet.entity.ProductTest" name="settingNullDescription_FailsValidation_ReturnsOneViolation"/>
  <testcase time="0.012" classname="com.mike.londonmet.entity.ProductTest" name="constructorSetDescriptionOfNull_FailsValidation_ReturnsOneViolation"/>
  <testcase time="0.011" classname="com.mike.londonmet.entity.ProductTest" name="settingTitleLengthOfOne_FailsValidation_ReturnsOneViolation"/>
  <testcase time="0.015" classname="com.mike.londonmet.entity.ProductTest" name="settingDescriptionLengthOfFour_FailsValidation_ReturnsOneViolation"/>
  <testcase time="0.001" classname="com.mike.londonmet.entity.ProductTest" name="newObject_HasNullDescriptionByDefault"/>
  <testcase time="0.001" classname="com.mike.londonmet.entity.ProductTest" name="newObjectIsNotNull"/>
  <testcase time="0.011" classname="com.mike.londonmet.entity.ProductTest" name="settingNullTitle_FailsValidation_ReturnsOneViolation"/>
  <testcase time="0.016" classname="com.mike.londonmet.entity.ProductTest" name="newObject_FailsValidation_ReturnsTwoViolations">
    <failure message="Object properties cannot be set to Null - should return 2 violations (title &amp; description) expected:&lt;5&gt; but was:&lt;2&gt;" type="java.lang.AssertionError">java.lang.AssertionError: Object properties cannot be set to Null - should return 2 violations (title &amp; description) expected:&lt;5&gt; but was:&lt;2&gt;
	at org.junit.Assert.fail(Assert.java:88)
	at org.junit.Assert.failNotEquals(Assert.java:743)
	at org.junit.Assert.assertEquals(Assert.java:118)
	at org.junit.Assert.assertEquals(Assert.java:555)
	at com.mike.londonmet.entity.ProductTest.newObject_FailsValidation_ReturnsTwoViolations(ProductTest.java:62)
	at sun.reflect.NativeMethodAccessorImpl.invoke0(Native Method)
	at sun.reflect.NativeMethodAccessorImpl.invoke(NativeMethodAccessorImpl.java:39)
	at sun.reflect.DelegatingMethodAccessorImpl.invoke(DelegatingMethodAccessorImpl.java:25)
	at java.lang.reflect.Method.invoke(Method.java:597)
	at org.junit.runners.model.FrameworkMethod$1.runReflectiveCall(FrameworkMethod.java:47)
	at org.junit.internal.runners.model.ReflectiveCallable.run(ReflectiveCallable.java:12)
	at org.junit.runners.model.FrameworkMethod.invokeExplosively(FrameworkMethod.java:44)
	at org.junit.internal.runners.statements.InvokeMethod.evaluate(InvokeMethod.java:17)
	at org.junit.internal.runners.statements.RunBefores.evaluate(RunBefores.java:26)
	at org.junit.runners.ParentRunner.runLeaf(ParentRunner.java:271)
	at org.junit.runners.BlockJUnit4ClassRunner.runChild(BlockJUnit4ClassRunner.java:70)
	at org.junit.runners.BlockJUnit4ClassRunner.runChild(BlockJUnit4ClassRunner.java:50)
	at org.junit.runners.ParentRunner$3.run(ParentRunner.java:238)
	at org.junit.runners.ParentRunner$1.schedule(ParentRunner.java:63)
	at org.junit.runners.ParentRunner.runChildren(ParentRunner.java:236)
	at org.junit.runners.ParentRunner.access$000(ParentRunner.java:53)
	at org.junit.runners.ParentRunner$2.evaluate(ParentRunner.java:229)
	at org.junit.internal.runners.statements.RunBefores.evaluate(RunBefores.java:26)
	at org.junit.runners.ParentRunner.run(ParentRunner.java:309)
	at org.apache.maven.surefire.junit4.JUnit4Provider.execute(JUnit4Provider.java:252)
	at org.apache.maven.surefire.junit4.JUnit4Provider.executeTestSet(JUnit4Provider.java:141)
	at org.apache.maven.surefire.junit4.JUnit4Provider.invoke(JUnit4Provider.java:112)
	at sun.reflect.NativeMethodAccessorImpl.invoke0(Native Method)
	at sun.reflect.NativeMethodAccessorImpl.invoke(NativeMethodAccessorImpl.java:39)
	at sun.reflect.DelegatingMethodAccessorImpl.invoke(DelegatingMethodAccessorImpl.java:25)
	at java.lang.reflect.Method.invoke(Method.java:597)
	at org.apache.maven.surefire.util.ReflectionUtils.invokeMethodWithArray(ReflectionUtils.java:189)
	at org.apache.maven.surefire.booter.ProviderFactory$ProviderProxy.invoke(ProviderFactory.java:165)
	at org.apache.maven.surefire.booter.ProviderFactory.invokeProvider(ProviderFactory.java:85)
	at org.apache.maven.surefire.booter.ForkedBooter.runSuitesInProcess(ForkedBooter.java:115)
	at org.apache.maven.surefire.booter.ForkedBooter.main(ForkedBooter.java:75)
</failure>
  </testcase>
  <testcase time="0.009" classname="com.mike.londonmet.entity.ProductTest" name="constructorSetTitleTooShort_FailsValidation_ReturnsOneViolation"/>
  <testcase time="0.015" classname="com.mike.londonmet.entity.ProductTest" name="constructorSetDescriptionTooLong_FailsValidation_ReturnsOneViolation"/>
  <testcase time="0.012" classname="com.mike.londonmet.entity.ProductTest" name="constructorSetTitleTooLong_FailsValidation_ReturnsOneViolation"/>
</testsuite>